1|1|hpc|compute|normal|staff|hpcadmin|1001|hpcadmin|1001|2023-05-09T19:50:03|2023-05-09T19:50:03|2023-05-09T19:50:04|2023-05-09T19:52:05|00:02:01|0:0|COMPLETED|1|1|1|500M|billing=1,cpu=1,mem=500M,node=1|billing=1,cpu=1,mem=500M,node=1|00:05:00|cpn01|1
2|2|hpc|compute|normal|staff|hpcadmin|1001|hpcadmin|1001|2023-05-09T19:50:03|2023-05-09T19:50:03|2023-05-09T19:50:04|2023-05-09T19:53:05|00:03:01|0:0|COMPLETED|1|1|1|500M|billing=1,cpu=1,mem=500M,node=1|billing=1,cpu=1,mem=500M,node=1|00:05:00|cpn02|1
3|3|hpc|compute|normal|staff|hpcadmin|1001|hpcadmin|1001|2023-05-09T19:50:03|2023-05-09T19:50:03|2023-05-09T19:52:05|2023-05-09T19:57:32|00:05:27|0:0|TIMEOUT|1|1|1|500M|billing=1,cpu=1,mem=500M,node=1|billing=1,cpu=1,mem=500M,node=1|00:05:00|cpn01|1
4|4|hpc|compute|normal|sfoster|sfoster|1003|sfoster|1003|2023-05-09T19:50:03|2023-05-09T19:50:03|2023-05-09T19:53:05|2023-05-09T19:55:07|00:02:02|0:0|COMPLETED|1|1|1|500M|billing=1,cpu=1,mem=500M,node=1|billing=1,cpu=1,mem=500M,node=1|00:05:00|cpn02|1
5|5|hpc|compute|normal|sfoster|sfoster|1003|sfoster|1003|2023-05-09T19:50:03|2023-05-09T19:50:03|2023-05-09T19:55:07|2023-05-09T19:58:09|00:03:02|0:0|COMPLETED|1|1|1|500M|billing=1,cpu=1,mem=500M,node=1|billing=1,cpu=1,mem=500M,node=1|00:05:00|cpn02|1
6|6|hpc|compute|normal|sfoster|sfoster|1003|sfoster|1003|2023-05-09T19:50:03|2023-05-09T19:50:03|2023-05-09T19:57:32|2023-05-09T20:02:32|00:05:00|0:0|TIMEOUT|1|1|1|500M|billing=1,cpu=1,mem=500M,node=1|billing=1,cpu=1,mem=500M,node=1|00:05:00|cpn01|1
7|7|hpc|compute|normal|sfoster|astewart|1005|astewart|1005|2023-05-09T19:50:03|2023-05-09T19:50:03|2023-05-09T19:58:09|2023-05-09T20:00:10|00:02:01|0:0|COMPLETED|1|1|1|500M|billing=1,cpu=1,mem=500M,node=1|billing=1,cpu=1,mem=500M,node=1|00:05:00|cpn02|1
8|8|hpc|compute|normal|sfoster|astewart|1005|astewart|1005|2023-05-09T19:50:04|2023-05-09T19:50:04|2023-05-09T20:00:10|2023-05-09T20:03:12|00:03:02|0:0|COMPLETED|1|1|1|500M|billing=1,cpu=1,mem=500M,node=1|billing=1,cpu=1,mem=500M,node=1|00:05:00|cpn02|1
9|9|hpc|compute|normal|sfoster|astewart|1005|astewart|1005|2023-05-09T19:50:04|2023-05-09T19:50:04|2023-05-09T20:02:32|2023-05-09T20:07:32|00:05:00|0:0|TIMEOUT|1|1|1|500M|billing=1,cpu=1,mem=500M,node=1|billing=1,cpu=1,mem=500M,node=1|00:05:00|cpn01|1
10|10|hpc|compute|normal|staff|hpcadmin|1001|hpcadmin|1001|2023-05-09T19:50:04|2023-05-09T19:50:04|2023-05-09T20:07:32|2023-05-09T20:09:34|00:02:02|0:0|COMPLETED|2|2|2|1000M|billing=2,cpu=2,mem=1000M,node=1|billing=2,cpu=2,mem=1000M,node=2|00:05:00|cpn[01-02]|2
11|11|hpc|compute|normal|staff|hpcadmin|1001|hpcadmin|1001|2023-05-09T19:50:04|2023-05-09T19:50:04|2023-05-09T20:09:34|2023-05-09T20:12:35|00:03:01|0:0|COMPLETED|2|2|2|1000M|billing=2,cpu=2,mem=1000M,node=1|billing=2,cpu=2,mem=1000M,node=2|00:05:00|cpn[01-02]|2
12|12|hpc|compute|normal|staff|hpcadmin|1001|hpcadmin|1001|2023-05-09T19:50:04|2023-05-09T19:50:04|2023-05-09T20:12:35|2023-05-09T20:18:02|00:05:27|0:0|TIMEOUT|2|2|2|1000M|billing=2,cpu=2,mem=1000M,node=1|billing=2,cpu=2,mem=1000M,node=2|00:05:00|cpn[01-02]|2
13|13|hpc|compute|normal|sfoster|sfoster|1003|sfoster|1003|2023-05-09T19:50:04|2023-05-09T19:50:04|2023-05-09T20:18:02|2023-05-09T20:20:03|00:02:01|0:0|COMPLETED|2|2|2|1000M|billing=2,cpu=2,mem=1000M,node=1|billing=2,cpu=2,mem=1000M,node=2|00:05:00|cpn[01-02]|2
14|14|hpc|compute|normal|sfoster|sfoster|1003|sfoster|1003|2023-05-09T19:50:04|2023-05-09T19:50:04|2023-05-09T20:20:03|2023-05-09T20:23:05|00:03:02|0:0|COMPLETED|2|2|2|1000M|billing=2,cpu=2,mem=1000M,node=1|billing=2,cpu=2,mem=1000M,node=2|00:05:00|cpn[01-02]|2
15|15|hpc|compute|normal|sfoster|sfoster|1003|sfoster|1003|2023-05-09T19:50:04|2023-05-09T19:50:04|2023-05-09T20:23:05|2023-05-09T20:28:32|00:05:27|0:0|TIMEOUT|2|2|2|1000M|billing=2,cpu=2,mem=1000M,node=1|billing=2,cpu=2,mem=1000M,node=2|00:05:00|cpn[01-02]|2
16|16|hpc|compute|normal|sfoster|astewart|1005|astewart|1005|2023-05-09T19:50:04|2023-05-09T19:50:04|2023-05-09T20:28:32|2023-05-09T20:30:33|00:02:01|0:0|COMPLETED|2|2|2|1000M|billing=2,cpu=2,mem=1000M,node=1|billing=2,cpu=2,mem=1000M,node=2|00:05:00|cpn[01-02]|2
17|17|hpc|compute|normal|sfoster|astewart|1005|astewart|1005|2023-05-09T19:50:04|2023-05-09T19:50:04|2023-05-09T20:30:33|2023-05-09T20:33:35|00:03:02|0:0|COMPLETED|2|2|2|1000M|billing=2,cpu=2,mem=1000M,node=1|billing=2,cpu=2,mem=1000M,node=2|00:05:00|cpn[01-02]|2
18|18|hpc|compute|normal|sfoster|astewart|1005|astewart|1005|2023-05-09T19:50:04|2023-05-09T19:50:04|2023-05-09T20:33:35|2023-05-09T20:52:18|00:18:43|0:0|TIMEOUT|2|2|2|1000M|billing=2,cpu=2,mem=1000M,node=1|billing=2,cpu=2,mem=1000M,node=2|00:05:00|cpn[01-02]|2
19|19|hpc|compute|normal|staff|hpcadmin|1001|hpcadmin|1001|2023-05-09T19:50:07|2023-05-09T19:50:07|2023-05-09T20:52:18|2023-05-09T22:04:07|01:11:49|0:0|TIMEOUT|1|1|1|500M|billing=1,cpu=1,mem=500M,node=1|billing=1,cpu=1,mem=500M,node=1|00:05:00|cpn01|1
20|20|hpc|compute|normal|staff|hpcadmin|1001|hpcadmin|1001|2023-05-09T19:50:07|2023-05-09T19:50:07|2023-05-09T20:52:18|2023-05-09T22:04:07|01:11:49|0:0|TIMEOUT|1|1|1|500M|billing=1,cpu=1,mem=500M,node=1|billing=1,cpu=1,mem=500M,node=1|00:05:00|cpn02|1
21|21|hpc|compute|normal|staff|hpcadmin|1001|hpcadmin|1001|2023-05-09T19:50:07|2023-05-09T19:50:07|2023-05-09T22:04:07|2023-05-09T22:09:32|00:05:25|0:0|TIMEOUT|1|1|1|500M|billing=1,cpu=1,mem=500M,node=1|billing=1,cpu=1,mem=500M,node=1|00:05:00|cpn01|1
22|22|hpc|compute|normal|sfoster|sfoster|1003|sfoster|1003|2023-05-09T19:50:07|2023-05-09T19:50:07|2023-05-09T22:04:07|2023-05-09T22:09:32|00:05:25|0:0|TIMEOUT|1|1|1|500M|billing=1,cpu=1,mem=500M,node=1|billing=1,cpu=1,mem=500M,node=1|00:05:00|cpn02|1
23|23|hpc|compute|normal|sfoster|sfoster|1003|sfoster|1003|2023-05-09T19:50:07|2023-05-09T19:50:07|2023-05-09T22:09:32|2023-05-09T22:12:34|00:03:02|0:0|COMPLETED|1|1|1|500M|billing=1,cpu=1,mem=500M,node=1|billing=1,cpu=1,mem=500M,node=1|00:05:00|cpn01|1
24|24|hpc|compute|normal|sfoster|sfoster|1003|sfoster|1003|2023-05-09T19:50:07|2023-05-09T19:50:07|2023-05-09T22:09:32|2023-05-09T22:14:32|00:05:00|0:0|TIMEOUT|1|1|1|500M|billing=1,cpu=1,mem=500M,node=1|billing=1,cpu=1,mem=500M,node=1|00:05:00|cpn02|1
25|25|hpc|compute|normal|sfoster|astewart|1005|astewart|1005|2023-05-09T19:50:07|2023-05-09T19:50:07|2023-05-09T22:12:34|2023-05-09T22:14:36|00:02:02|0:0|COMPLETED|1|1|1|500M|billing=1,cpu=1,mem=500M,node=1|billing=1,cpu=1,mem=500M,node=1|00:05:00|cpn01|1
26|26|hpc|compute|normal|sfoster|astewart|1005|astewart|1005|2023-05-09T19:50:07|2023-05-09T19:50:07|2023-05-09T22:14:33|2023-05-09T22:17:34|00:03:01|0:0|COMPLETED|1|1|1|500M|billing=1,cpu=1,mem=500M,node=1|billing=1,cpu=1,mem=500M,node=1|00:05:00|cpn02|1
27|27|hpc|compute|normal|sfoster|astewart|1005|astewart|1005|2023-05-09T19:50:07|2023-05-09T19:50:07|2023-05-09T22:14:36|2023-05-09T22:20:02|00:05:26|0:0|TIMEOUT|1|1|1|500M|billing=1,cpu=1,mem=500M,node=1|billing=1,cpu=1,mem=500M,node=1|00:05:00|cpn01|1
28|28|hpc|compute|normal|staff|hpcadmin|1001|hpcadmin|1001|2023-05-09T19:50:07|2023-05-09T19:50:07|2023-05-09T22:20:02|2023-05-09T22:22:03|00:02:01|0:0|COMPLETED|2|2|2|1000M|billing=2,cpu=2,mem=1000M,node=1|billing=2,cpu=2,mem=1000M,node=2|00:05:00|cpn[01-02]|2
29|29|hpc|compute|normal|staff|hpcadmin|1001|hpcadmin|1001|2023-05-09T19:50:07|2023-05-09T19:50:07|2023-05-09T22:22:03|2023-05-09T22:25:05|00:03:02|0:0|COMPLETED|2|2|2|1000M|billing=2,cpu=2,mem=1000M,node=1|billing=2,cpu=2,mem=1000M,node=2|00:05:00|cpn[01-02]|2
30|30|hpc|compute|normal|staff|hpcadmin|1001|hpcadmin|1001|2023-05-09T19:50:08|2023-05-09T19:50:08|2023-05-09T22:25:05|2023-05-09T22:30:32|00:05:27|0:0|TIMEOUT|2|2|2|1000M|billing=2,cpu=2,mem=1000M,node=1|billing=2,cpu=2,mem=1000M,node=2|00:05:00|cpn[01-02]|2
31|31|hpc|compute|normal|sfoster|sfoster|1003|sfoster|1003|2023-05-09T19:50:08|2023-05-09T19:50:08|2023-05-09T22:30:32|2023-05-09T22:32:34|00:02:02|0:0|COMPLETED|2|2|2|1000M|billing=2,cpu=2,mem=1000M,node=1|billing=2,cpu=2,mem=1000M,node=2|00:05:00|cpn[01-02]|2
32|32|hpc|compute|normal|sfoster|sfoster|1003|sfoster|1003|2023-05-09T19:50:08|2023-05-09T19:50:08|2023-05-09T22:32:34|2023-05-09T22:35:35|00:03:01|0:0|COMPLETED|2|2|2|1000M|billing=2,cpu=2,mem=1000M,node=1|billing=2,cpu=2,mem=1000M,node=2|00:05:00|cpn[01-02]|2
33|33|hpc|compute|normal|sfoster|sfoster|1003|sfoster|1003|2023-05-09T19:50:08|2023-05-09T19:50:08|2023-05-09T22:35:35|2023-05-09T22:41:03|00:05:28|0:0|TIMEOUT|2|2|2|1000M|billing=2,cpu=2,mem=1000M,node=1|billing=2,cpu=2,mem=1000M,node=2|00:05:00|cpn[01-02]|2
34|34|hpc|compute|normal|sfoster|astewart|1005|astewart|1005|2023-05-09T19:50:08|2023-05-09T19:50:08|2023-05-09T22:41:04|2023-05-09T22:43:05|00:02:01|0:0|COMPLETED|2|2|2|1000M|billing=2,cpu=2,mem=1000M,node=1|billing=2,cpu=2,mem=1000M,node=2|00:05:00|cpn[01-02]|2
35|35|hpc|compute|normal|sfoster|astewart|1005|astewart|1005|2023-05-09T19:50:08|2023-05-09T19:50:08|2023-05-09T22:43:05|2023-05-09T22:46:07|00:03:02|0:0|COMPLETED|2|2|2|1000M|billing=2,cpu=2,mem=1000M,node=1|billing=2,cpu=2,mem=1000M,node=2|00:05:00|cpn[01-02]|2
36|36|hpc|compute|normal|sfoster|astewart|1005|astewart|1005|2023-05-09T19:50:08|2023-05-09T19:50:08|2023-05-09T22:46:07|2023-05-09T22:51:33|00:05:26|0:0|TIMEOUT|2|2|2|1000M|billing=2,cpu=2,mem=1000M,node=1|billing=2,cpu=2,mem=1000M,node=2|00:05:00|cpn[01-02]|2
37|37|hpc|compute|normal|staff|hpcadmin|1001|hpcadmin|1001|2023-05-09T19:50:10|2023-05-09T19:50:10|2023-05-09T22:51:33|2023-05-09T22:53:34|00:02:01|0:0|COMPLETED|1|1|1|500M|billing=1,cpu=1,mem=500M,node=1|billing=1,cpu=1,mem=500M,node=1|00:05:00|cpn01|1
38|38|hpc|compute|normal|staff|hpcadmin|1001|hpcadmin|1001|2023-05-09T19:50:10|2023-05-09T19:50:10|2023-05-09T22:51:33|2023-05-09T22:54:34|00:03:01|0:0|COMPLETED|1|1|1|500M|billing=1,cpu=1,mem=500M,node=1|billing=1,cpu=1,mem=500M,node=1|00:05:00|cpn02|1
39|39|hpc|compute|normal|staff|hpcadmin|1001|hpcadmin|1001|2023-05-09T19:50:10|2023-05-09T19:50:10|2023-05-09T22:53:34|2023-05-09T22:59:03|00:05:29|0:0|TIMEOUT|1|1|1|500M|billing=1,cpu=1,mem=500M,node=1|billing=1,cpu=1,mem=500M,node=1|00:05:00|cpn01|1
40|40|hpc|compute|normal|sfoster|sfoster|1003|sfoster|1003|2023-05-09T19:50:10|2023-05-09T19:50:10|2023-05-09T22:54:34|2023-05-09T22:56:36|00:02:02|0:0|COMPLETED|1|1|1|500M|billing=1,cpu=1,mem=500M,node=1|billing=1,cpu=1,mem=500M,node=1|00:05:00|cpn02|1
41|41|hpc|compute|normal|sfoster|sfoster|1003|sfoster|1003|2023-05-09T19:50:10|2023-05-09T19:50:10|2023-05-09T22:56:36|2023-05-09T22:59:38|00:03:02|0:0|COMPLETED|1|1|1|500M|billing=1,cpu=1,mem=500M,node=1|billing=1,cpu=1,mem=500M,node=1|00:05:00|cpn02|1
42|42|hpc|compute|normal|sfoster|sfoster|1003|sfoster|1003|2023-05-09T19:50:10|2023-05-09T19:50:10|2023-05-09T22:59:03|2023-05-09T23:04:03|00:05:00|0:0|TIMEOUT|1|1|1|500M|billing=1,cpu=1,mem=500M,node=1|billing=1,cpu=1,mem=500M,node=1|00:05:00|cpn01|1
43|43|hpc|compute|normal|sfoster|astewart|1005|astewart|1005|2023-05-09T19:50:11|2023-05-09T19:50:11|2023-05-09T22:59:38|2023-05-09T23:01:39|00:02:01|0:0|COMPLETED|1|1|1|500M|billing=1,cpu=1,mem=500M,node=1|billing=1,cpu=1,mem=500M,node=1|00:05:00|cpn02|1
44|44|hpc|compute|normal|sfoster|astewart|1005|astewart|1005|2023-05-09T19:50:11|2023-05-09T19:50:11|2023-05-09T23:01:39|2023-05-09T23:04:41|00:03:02|0:0|COMPLETED|1|1|1|500M|billing=1,cpu=1,mem=500M,node=1|billing=1,cpu=1,mem=500M,node=1|00:05:00|cpn02|1
45|45|hpc|compute|normal|sfoster|astewart|1005|astewart|1005|2023-05-09T19:50:11|2023-05-09T19:50:11|2023-05-09T23:04:03|2023-05-09T23:09:03|00:05:00|0:0|TIMEOUT|1|1|1|500M|billing=1,cpu=1,mem=500M,node=1|billing=1,cpu=1,mem=500M,node=1|00:05:00|cpn01|1
46|46|hpc|compute|normal|staff|hpcadmin|1001|hpcadmin|1001|2023-05-09T19:50:11|2023-05-09T19:50:11|2023-05-09T23:09:04|2023-05-09T23:11:05|00:02:01|0:0|COMPLETED|2|2|2|1000M|billing=2,cpu=2,mem=1000M,node=1|billing=2,cpu=2,mem=1000M,node=2|00:05:00|cpn[01-02]|2
47|47|hpc|compute|normal|staff|hpcadmin|1001|hpcadmin|1001|2023-05-09T19:50:11|2023-05-09T19:50:11|2023-05-09T23:11:05|2023-05-09T23:14:07|00:03:02|0:0|COMPLETED|2|2|2|1000M|billing=2,cpu=2,mem=1000M,node=1|billing=2,cpu=2,mem=1000M,node=2|00:05:00|cpn[01-02]|2
48|48|hpc|compute|normal|staff|hpcadmin|1001|hpcadmin|1001|2023-05-09T19:50:11|2023-05-09T19:50:11|2023-05-09T23:14:07|2023-05-09T23:19:33|00:05:26|0:0|TIMEOUT|2|2|2|1000M|billing=2,cpu=2,mem=1000M,node=1|billing=2,cpu=2,mem=1000M,node=2|00:05:00|cpn[01-02]|2
49|49|hpc|compute|normal|sfoster|sfoster|1003|sfoster|1003|2023-05-09T19:50:11|2023-05-09T19:50:11|2023-05-09T23:19:34|2023-05-09T23:21:35|00:02:01|0:0|COMPLETED|2|2|2|1000M|billing=2,cpu=2,mem=1000M,node=1|billing=2,cpu=2,mem=1000M,node=2|00:05:00|cpn[01-02]|2
50|50|hpc|compute|normal|sfoster|sfoster|1003|sfoster|1003|2023-05-09T19:50:11|2023-05-09T19:50:11|2023-05-09T23:21:35|2023-05-09T23:24:37|00:03:02|0:0|COMPLETED|2|2|2|1000M|billing=2,cpu=2,mem=1000M,node=1|billing=2,cpu=2,mem=1000M,node=2|00:05:00|cpn[01-02]|2
51|51|hpc|compute|normal|sfoster|sfoster|1003|sfoster|1003|2023-05-09T19:50:11|2023-05-09T19:50:11|2023-05-09T23:24:37|2023-05-09T23:30:04|00:05:27|0:0|TIMEOUT|2|2|2|1000M|billing=2,cpu=2,mem=1000M,node=1|billing=2,cpu=2,mem=1000M,node=2|00:05:00|cpn[01-02]|2
52|52|hpc|compute|normal|sfoster|astewart|1005|astewart|1005|2023-05-09T19:50:11|2023-05-09T19:50:11|2023-05-09T23:30:04|2023-05-09T23:32:06|00:02:02|0:0|COMPLETED|2|2|2|1000M|billing=2,cpu=2,mem=1000M,node=1|billing=2,cpu=2,mem=1000M,node=2|00:05:00|cpn[01-02]|2
53|53|hpc|compute|normal|sfoster|astewart|1005|astewart|1005|2023-05-09T19:50:11|2023-05-09T19:50:11|2023-05-09T23:32:06|2023-05-09T23:35:07|00:03:01|0:0|COMPLETED|2|2|2|1000M|billing=2,cpu=2,mem=1000M,node=1|billing=2,cpu=2,mem=1000M,node=2|00:05:00|cpn[01-02]|2
54|54|hpc|compute|normal|sfoster|astewart|1005|astewart|1005|2023-05-09T19:50:11|2023-05-09T19:50:11|2023-05-09T23:35:07|2023-05-09T23:40:34|00:05:27|0:0|TIMEOUT|2|2|2|1000M|billing=2,cpu=2,mem=1000M,node=1|billing=2,cpu=2,mem=1000M,node=2|00:05:00|cpn[01-02]|2
55|55|hpc|compute|normal|staff|hpcadmin|1001|hpcadmin|1001|2023-05-10T12:26:41|2023-05-10T12:26:41|2023-05-10T12:26:41|Unknown|00:01:19|0:0|RUNNING|1|1|1|500M|billing=1,cpu=1,mem=500M,node=1|billing=1,cpu=1,mem=500M,node=1|00:05:00|cpn01|1
56|56|hpc|compute|normal|staff|hpcadmin|1001|hpcadmin|1001|2023-05-10T12:26:41|2023-05-10T12:26:41|2023-05-10T12:26:42|Unknown|00:01:18|0:0|RUNNING|1|1|1|500M|billing=1,cpu=1,mem=500M,node=1|billing=1,cpu=1,mem=500M,node=1|00:05:00|cpn02|1
57|57|hpc|compute|normal|staff|hpcadmin|1001|hpcadmin|1001|2023-05-10T12:26:42|2023-05-10T12:26:42|Unknown|Unknown|00:00:00|0:0|PENDING|1|1|1|500M|billing=1,cpu=1,mem=500M,node=1||00:05:00|None assigned|1
58|58|hpc|compute|normal|sfoster|sfoster|1003|sfoster|1003|2023-05-10T12:26:42|2023-05-10T12:26:42|Unknown|Unknown|00:00:00|0:0|PENDING|1|1|1|500M|billing=1,cpu=1,mem=500M,node=1||00:05:00|None assigned|1
59|59|hpc|compute|normal|sfoster|sfoster|1003|sfoster|1003|2023-05-10T12:26:42|2023-05-10T12:26:42|Unknown|Unknown|00:00:00|0:0|PENDING|1|1|1|500M|billing=1,cpu=1,mem=500M,node=1||00:05:00|None assigned|1
60|60|hpc|compute|normal|sfoster|sfoster|1003|sfoster|1003|2023-05-10T12:26:42|2023-05-10T12:26:42|Unknown|Unknown|00:00:00|0:0|PENDING|1|1|1|500M|billing=1,cpu=1,mem=500M,node=1||00:05:00|None assigned|1
61|61|hpc|compute|normal|sfoster|astewart|1005|astewart|1005|2023-05-10T12:26:42|2023-05-10T12:26:42|Unknown|Unknown|00:00:00|0:0|PENDING|1|1|1|500M|billing=1,cpu=1,mem=500M,node=1||00:05:00|None assigned|1
62|62|hpc|compute|normal|sfoster|astewart|1005|astewart|1005|2023-05-10T12:26:42|2023-05-10T12:26:42|Unknown|Unknown|00:00:00|0:0|PENDING|1|1|1|500M|billing=1,cpu=1,mem=500M,node=1||00:05:00|None assigned|1
63|63|hpc|compute|normal|sfoster|astewart|1005|astewart|1005|2023-05-10T12:26:42|2023-05-10T12:26:42|Unknown|Unknown|00:00:00|0:0|PENDING|1|1|1|500M|billing=1,cpu=1,mem=500M,node=1||00:05:00|None assigned|1
64|64|hpc|compute|normal|staff|hpcadmin|1001|hpcadmin|1001|2023-05-10T12:26:42|2023-05-10T12:26:42|Unknown|Unknown|00:00:00|0:0|PENDING|1|2|2|1000M|billing=2,cpu=2,mem=1000M,node=1||00:05:00|None assigned|2
65|65|hpc|compute|normal|staff|hpcadmin|1001|hpcadmin|1001|2023-05-10T12:26:42|2023-05-10T12:26:42|Unknown|Unknown|00:00:00|0:0|PENDING|1|2|2|1000M|billing=2,cpu=2,mem=1000M,node=1||00:05:00|None assigned|2
66|66|hpc|compute|normal|staff|hpcadmin|1001|hpcadmin|1001|2023-05-10T12:26:42|2023-05-10T12:26:42|Unknown|Unknown|00:00:00|0:0|PENDING|1|2|2|1000M|billing=2,cpu=2,mem=1000M,node=1||00:05:00|None assigned|2
67|67|hpc|compute|normal|sfoster|sfoster|1003|sfoster|1003|2023-05-10T12:26:42|2023-05-10T12:26:42|Unknown|Unknown|00:00:00|0:0|PENDING|1|2|2|1000M|billing=2,cpu=2,mem=1000M,node=1||00:05:00|None assigned|2
68|68|hpc|compute|normal|sfoster|sfoster|1003|sfoster|1003|2023-05-10T12:26:42|2023-05-10T12:26:42|Unknown|Unknown|00:00:00|0:0|PENDING|1|2|2|1000M|billing=2,cpu=2,mem=1000M,node=1||00:05:00|None assigned|2
69|69|hpc|compute|normal|sfoster|sfoster|1003|sfoster|1003|2023-05-10T12:26:42|2023-05-10T12:26:42|Unknown|Unknown|00:00:00|0:0|PENDING|1|2|2|1000M|billing=2,cpu=2,mem=1000M,node=1||00:05:00|None assigned|2
70|70|hpc|compute|normal|sfoster|astewart|1005|astewart|1005|2023-05-10T12:26:43|2023-05-10T12:26:43|Unknown|Unknown|00:00:00|0:0|PENDING|1|2|2|1000M|billing=2,cpu=2,mem=1000M,node=1||00:05:00|None assigned|2
71|71|hpc|compute|normal|sfoster|astewart|1005|astewart|1005|2023-05-10T12:26:43|2023-05-10T12:26:43|Unknown|Unknown|00:00:00|0:0|PENDING|1|2|2|1000M|billing=2,cpu=2,mem=1000M,node=1||00:05:00|None assigned|2
72|72|hpc|compute|normal|sfoster|astewart|1005|astewart|1005|2023-05-10T12:26:43|2023-05-10T12:26:43|Unknown|Unknown|00:00:00|0:0|PENDING|1|2|2|1000M|billing=2,cpu=2,mem=1000M,node=1||00:05:00|None assigned|2
